Exception in thread "main" com.hazelcast.nio.serialization.HazelcastSerializationException: No DataSerializerFactory registered for namespace: 2002
	at com.hazelcast.internal.serialization.impl.DataSerializableSerializer.readInternal(DataSerializableSerializer.java:146)
	at com.hazelcast.internal.serialization.impl.DataSerializableSerializer.read(DataSerializableSerializer.java:113)
	at com.hazelcast.internal.serialization.impl.DataSerializableSerializer.read(DataSerializableSerializer.java:52)
	at com.hazelcast.internal.serialization.impl.StreamSerializerAdapter.read(StreamSerializerAdapter.java:44)
	at com.hazelcast.internal.serialization.impl.AbstractSerializationService.toObject(AbstractSerializationService.java:271)
	at com.hazelcast.client.impl.protocol.task.map.MapExecuteOnKeyMessageTask.prepareOperation(MapExecuteOnKeyMessageTask.java:42)
	at com.hazelcast.client.impl.protocol.task.AbstractPartitionMessageTask.processInternal(AbstractPartitionMessageTask.java:45)
	at com.hazelcast.client.impl.protocol.task.AbstractAsyncMessageTask.processMessage(AbstractAsyncMessageTask.java:71)
	at com.hazelcast.client.impl.protocol.task.AbstractMessageTask.initializeAndProcessMessage(AbstractMessageTask.java:169)
	at com.hazelcast.client.impl.protocol.task.AbstractMessageTask.run(AbstractMessageTask.java:132)
	at com.hazelcast.spi.impl.operationservice.impl.OperationRunnerImpl.run(OperationRunnerImpl.java:198)
	at com.hazelcast.spi.impl.operationexecutor.impl.OperationThread.process(OperationThread.java:212)
	at com.hazelcast.spi.impl.operationexecutor.impl.OperationThread.process(OperationThread.java:146)
	at com.hazelcast.spi.impl.operationexecutor.impl.OperationThread.loop(OperationThread.java:134)
	at com.hazelcast.spi.impl.operationexecutor.impl.OperationThread.executeRun(OperationThread.java:115)
	at com.hazelcast.internal.util.executor.HazelcastManagedThread.run(HazelcastManagedThread.java:111)
	at ------ submitted from ------.()
	at com.hazelcast.internal.util.ExceptionUtil.cloneExceptionWithFixedAsyncStackTrace(ExceptionUtil.java:279)
	at com.hazelcast.spi.impl.operationservice.impl.InvocationFuture.returnOrThrowWithGetConventions(InvocationFuture.java:112)
	at com.hazelcast.client.impl.spi.impl.ClientInvocationFuture.resolveAndThrowIfException(ClientInvocationFuture.java:95)
	at com.hazelcast.client.impl.spi.impl.ClientInvocationFuture.resolveAndThrowIfException(ClientInvocationFuture.java:40)
	at com.hazelcast.spi.impl.AbstractInvocationFuture.get(AbstractInvocationFuture.java:617)
	at com.hazelcast.client.impl.spi.ClientProxy.invokeOnPartition(ClientProxy.java:188)
	at com.hazelcast.client.impl.spi.ClientProxy.invoke(ClientProxy.java:182)
	at com.hazelcast.client.impl.proxy.ClientMapProxy.executeOnKeyInternal(ClientMapProxy.java:1365)
	at com.hazelcast.client.impl.proxy.ClientMapProxy.executeOnKey(ClientMapProxy.java:1357)
	at zxf.hazelcast.HazelcastTests.main(HazelcastTests.java:21)