Starting sniff... 
###[ Ethernet ]### 
  dst       = 00:00:00:00:00:00
  src       = 00:00:00:00:00:00
  type      = IPv4
###[ IP ]### 
     version   = 4
     ihl       = 5
     tos       = 0x0
     len       = 60
     id        = 36627
     flags     = DF
     frag      = 0
     ttl       = 64
     proto     = tcp
     chksum    = 0xada6
     src       = 127.0.0.1
     dst       = 127.0.0.1
     \options   \
###[ TCP ]### 
        sport     = 58731
        dport     = 5701
        seq       = 178210416
        ack       = 0
        dataofs   = 10
        reserved  = 0
        flags     = S
        window    = 33280
        chksum    = 0xfe30
        urgptr    = 0
        options   = [('MSS', 65495), ('SAckOK', b''), ('Timestamp', (2898828274, 0)), ('NOP', None), ('WScale', 7)]

###[ Ethernet ]### 
  dst       = 00:00:00:00:00:00
  src       = 00:00:00:00:00:00
  type      = IPv4
###[ IP ]### 
     version   = 4
     ihl       = 5
     tos       = 0x0
     len       = 60
     id        = 36627
     flags     = DF
     frag      = 0
     ttl       = 64
     proto     = tcp
     chksum    = 0xada6
     src       = 127.0.0.1
     dst       = 127.0.0.1
     \options   \
###[ TCP ]### 
        sport     = 58731
        dport     = 5701
        seq       = 178210416
        ack       = 0
        dataofs   = 10
        reserved  = 0
        flags     = S
        window    = 33280
        chksum    = 0xfe30
        urgptr    = 0
        options   = [('MSS', 65495), ('SAckOK', b''), ('Timestamp', (2898828274, 0)), ('NOP', None), ('WScale', 7)]

###[ Ethernet ]### 
  dst       = 00:00:00:00:00:00
  src       = 00:00:00:00:00:00
  type      = IPv4
###[ IP ]### 
     version   = 4
     ihl       = 5
     tos       = 0x0
     len       = 60
     id        = 0
     flags     = DF
     frag      = 0
     ttl       = 64
     proto     = tcp
     chksum    = 0x3cba
     src       = 127.0.0.1
     dst       = 127.0.0.1
     \options   \
###[ TCP ]### 
        sport     = 5701
        dport     = 58731
        seq       = 1795725930
        ack       = 178210417
        dataofs   = 10
        reserved  = 0
        flags     = SA
        window    = 33280
        chksum    = 0xfe30
        urgptr    = 0
        options   = [('MSS', 65495), ('SAckOK', b''), ('Timestamp', (2898828274, 2898828274)), ('NOP', None), ('WScale', 7)]

###[ Ethernet ]### 
  dst       = 00:00:00:00:00:00
  src       = 00:00:00:00:00:00
  type      = IPv4
###[ IP ]### 
     version   = 4
     ihl       = 5
     tos       = 0x0
     len       = 60
     id        = 0
     flags     = DF
     frag      = 0
     ttl       = 64
     proto     = tcp
     chksum    = 0x3cba
     src       = 127.0.0.1
     dst       = 127.0.0.1
     \options   \
###[ TCP ]### 
        sport     = 5701
        dport     = 58731
        seq       = 1795725930
        ack       = 178210417
        dataofs   = 10
        reserved  = 0
        flags     = SA
        window    = 33280
        chksum    = 0xfe30
        urgptr    = 0
        options   = [('MSS', 65495), ('SAckOK', b''), ('Timestamp', (2898828274, 2898828274)), ('NOP', None), ('WScale', 7)]

###[ Ethernet ]### 
  dst       = 00:00:00:00:00:00
  src       = 00:00:00:00:00:00
  type      = IPv4
###[ IP ]### 
     version   = 4
     ihl       = 5
     tos       = 0x0
     len       = 52
     id        = 36628
     flags     = DF
     frag      = 0
     ttl       = 64
     proto     = tcp
     chksum    = 0xadad
     src       = 127.0.0.1
     dst       = 127.0.0.1
     \options   \
###[ TCP ]### 
        sport     = 58731
        dport     = 5701
        seq       = 178210417
        ack       = 1795725931
        dataofs   = 8
        reserved  = 0
        flags     = A
        window    = 260
        chksum    = 0xfe28
        urgptr    = 0
        options   = [('NOP', None), ('NOP', None), ('Timestamp', (2898828274, 2898828274))]

###[ Ethernet ]### 
  dst       = 00:00:00:00:00:00
  src       = 00:00:00:00:00:00
  type      = IPv4
###[ IP ]### 
     version   = 4
     ihl       = 5
     tos       = 0x0
     len       = 52
     id        = 36628
     flags     = DF
     frag      = 0
     ttl       = 64
     proto     = tcp
     chksum    = 0xadad
     src       = 127.0.0.1
     dst       = 127.0.0.1
     \options   \
###[ TCP ]### 
        sport     = 58731
        dport     = 5701
        seq       = 178210417
        ack       = 1795725931
        dataofs   = 8
        reserved  = 0
        flags     = A
        window    = 260
        chksum    = 0xfe28
        urgptr    = 0
        options   = [('NOP', None), ('NOP', None), ('Timestamp', (2898828274, 2898828274))]

###[ Ethernet ]### 
  dst       = 00:00:00:00:00:00
  src       = 00:00:00:00:00:00
  type      = IPv4
###[ IP ]### 
     version   = 4
     ihl       = 5
     tos       = 0x0
     len       = 55
     id        = 36629
     flags     = DF
     frag      = 0
     ttl       = 64
     proto     = tcp
     chksum    = 0xada9
     src       = 127.0.0.1
     dst       = 127.0.0.1
     \options   \
###[ TCP ]### 
        sport     = 58731
        dport     = 5701
        seq       = 178210417
        ack       = 1795725931
        dataofs   = 8
        reserved  = 0
        flags     = PA
        window    = 260
        chksum    = 0xfe2b
        urgptr    = 0
        options   = [('NOP', None), ('NOP', None), ('Timestamp', (2898828278, 2898828274))]
###[ Raw ]### 
           load      = 'CP2'

###[ Ethernet ]### 
  dst       = 00:00:00:00:00:00
  src       = 00:00:00:00:00:00
  type      = IPv4
###[ IP ]### 
     version   = 4
     ihl       = 5
     tos       = 0x0
     len       = 55
     id        = 36629
     flags     = DF
     frag      = 0
     ttl       = 64
     proto     = tcp
     chksum    = 0xada9
     src       = 127.0.0.1
     dst       = 127.0.0.1
     \options   \
###[ TCP ]### 
        sport     = 58731
        dport     = 5701
        seq       = 178210417
        ack       = 1795725931
        dataofs   = 8
        reserved  = 0
        flags     = PA
        window    = 260
        chksum    = 0xfe2b
        urgptr    = 0
        options   = [('NOP', None), ('NOP', None), ('Timestamp', (2898828278, 2898828274))]
###[ Raw ]### 
           load      = 'CP2'

###[ Ethernet ]### 
  dst       = 00:00:00:00:00:00
  src       = 00:00:00:00:00:00
  type      = IPv4
###[ IP ]### 
     version   = 4
     ihl       = 5
     tos       = 0x0
     len       = 52
     id        = 22990
     flags     = DF
     frag      = 0
     ttl       = 64
     proto     = tcp
     chksum    = 0xe2f3
     src       = 127.0.0.1
     dst       = 127.0.0.1
     \options   \
###[ TCP ]### 
        sport     = 5701
        dport     = 58731
        seq       = 1795725931
        ack       = 178210420
        dataofs   = 8
        reserved  = 0
        flags     = A
        window    = 260
        chksum    = 0xfe28
        urgptr    = 0
        options   = [('NOP', None), ('NOP', None), ('Timestamp', (2898828278, 2898828278))]

###[ Ethernet ]### 
  dst       = 00:00:00:00:00:00
  src       = 00:00:00:00:00:00
  type      = IPv4
###[ IP ]### 
     version   = 4
     ihl       = 5
     tos       = 0x0
     len       = 52
     id        = 22990
     flags     = DF
     frag      = 0
     ttl       = 64
     proto     = tcp
     chksum    = 0xe2f3
     src       = 127.0.0.1
     dst       = 127.0.0.1
     \options   \
###[ TCP ]### 
        sport     = 5701
        dport     = 58731
        seq       = 1795725931
        ack       = 178210420
        dataofs   = 8
        reserved  = 0
        flags     = A
        window    = 260
        chksum    = 0xfe28
        urgptr    = 0
        options   = [('NOP', None), ('NOP', None), ('Timestamp', (2898828278, 2898828278))]

###[ Ethernet ]### 
  dst       = 00:00:00:00:00:00
  src       = 00:00:00:00:00:00
  type      = IPv4
###[ IP ]### 
     version   = 4
     ihl       = 5
     tos       = 0x0
     len       = 152
     id        = 36630
     flags     = DF
     frag      = 0
     ttl       = 64
     proto     = tcp
     chksum    = 0xad47
     src       = 127.0.0.1
     dst       = 127.0.0.1
     \options   \
###[ TCP ]### 
        sport     = 58731
        dport     = 5701
        seq       = 178210420
        ack       = 1795725931
        dataofs   = 8
        reserved  = 0
        flags     = PA
        window    = 260
        chksum    = 0xfe8c
        urgptr    = 0
        options   = [('NOP', None), ('NOP', None), ('Timestamp', (2898828283, 2898828278))]
###[ Raw ]### 
           load      = '(\x00\x00\x00\x00\\xc1\x00\x01\x00\x00\x01\x00\x00\x00\x00\x00\x00\x00\\xff\\xff\\xff\\xff\x00\\xdcKzE\\x90\\xf3\x1cP\\xd6X\\xd8\\xdb\\xeemY\\xb0\x01\t\x00\x00\x00\x00\x00dev\x06\x00\x00\x00\x00\x04\x06\x00\x00\x00\x00\x04\t\x00\x00\x00\x00\x00JVM\t\x00\x00\x00\x00\x004.2\t\x00\x00\x00\x00\x00Abc\x06\x00\x00\x00\x00\x10\x06\x00\x00\x00\x00('

###[ Ethernet ]### 
  dst       = 00:00:00:00:00:00
  src       = 00:00:00:00:00:00
  type      = IPv4
###[ IP ]### 
     version   = 4
     ihl       = 5
     tos       = 0x0
     len       = 152
     id        = 36630
     flags     = DF
     frag      = 0
     ttl       = 64
     proto     = tcp
     chksum    = 0xad47
     src       = 127.0.0.1
     dst       = 127.0.0.1
     \options   \
###[ TCP ]### 
        sport     = 58731
        dport     = 5701
        seq       = 178210420
        ack       = 1795725931
        dataofs   = 8
        reserved  = 0
        flags     = PA
        window    = 260
        chksum    = 0xfe8c
        urgptr    = 0
        options   = [('NOP', None), ('NOP', None), ('Timestamp', (2898828283, 2898828278))]
###[ Raw ]### 
           load      = '(\x00\x00\x00\x00\\xc1\x00\x01\x00\x00\x01\x00\x00\x00\x00\x00\x00\x00\\xff\\xff\\xff\\xff\x00\\xdcKzE\\x90\\xf3\x1cP\\xd6X\\xd8\\xdb\\xeemY\\xb0\x01\t\x00\x00\x00\x00\x00dev\x06\x00\x00\x00\x00\x04\x06\x00\x00\x00\x00\x04\t\x00\x00\x00\x00\x00JVM\t\x00\x00\x00\x00\x004.2\t\x00\x00\x00\x00\x00Abc\x06\x00\x00\x00\x00\x10\x06\x00\x00\x00\x00('

###[ Ethernet ]### 
  dst       = 00:00:00:00:00:00
  src       = 00:00:00:00:00:00
  type      = IPv4
###[ IP ]### 
     version   = 4
     ihl       = 5
     tos       = 0x0
     len       = 52
     id        = 22991
     flags     = DF
     frag      = 0
     ttl       = 64
     proto     = tcp
     chksum    = 0xe2f2
     src       = 127.0.0.1
     dst       = 127.0.0.1
     \options   \
###[ TCP ]### 
        sport     = 5701
        dport     = 58731
        seq       = 1795725931
        ack       = 178210520
        dataofs   = 8
        reserved  = 0
        flags     = A
        window    = 260
        chksum    = 0xfe28
        urgptr    = 0
        options   = [('NOP', None), ('NOP', None), ('Timestamp', (2898828283, 2898828283))]

###[ Ethernet ]### 
  dst       = 00:00:00:00:00:00
  src       = 00:00:00:00:00:00
  type      = IPv4
###[ IP ]### 
     version   = 4
     ihl       = 5
     tos       = 0x0
     len       = 52
     id        = 22991
     flags     = DF
     frag      = 0
     ttl       = 64
     proto     = tcp
     chksum    = 0xe2f2
     src       = 127.0.0.1
     dst       = 127.0.0.1
     \options   \
###[ TCP ]### 
        sport     = 5701
        dport     = 58731
        seq       = 1795725931
        ack       = 178210520
        dataofs   = 8
        reserved  = 0
        flags     = A
        window    = 260
        chksum    = 0xfe28
        urgptr    = 0
        options   = [('NOP', None), ('NOP', None), ('Timestamp', (2898828283, 2898828283))]

###[ Ethernet ]### 
  dst       = 00:00:00:00:00:00
  src       = 00:00:00:00:00:00
  type      = IPv4
###[ IP ]### 
     version   = 4
     ihl       = 5
     tos       = 0x0
     len       = 160
     id        = 22992
     flags     = DF
     frag      = 0
     ttl       = 64
     proto     = tcp
     chksum    = 0xe285
     src       = 127.0.0.1
     dst       = 127.0.0.1
     \options   \
###[ TCP ]### 
        sport     = 5701
        dport     = 58731
        seq       = 1795725931
        ack       = 178210520
        dataofs   = 8
        reserved  = 0
        flags     = PA
        window    = 260
        chksum    = 0xfe94
        urgptr    = 0
        options   = [('NOP', None), ('NOP', None), ('Timestamp', (2898828293, 2898828283))]
###[ Raw ]### 
           load      = '<\x00\x00\x00\x00\\xc0\x01\x01\x00\x00\x01\x00\x00\x00\x00\x00\x00\x00\x00\x00\x00\\x9aO\\x82"\\xbblkl\x17\\x97R\\x9e\\x9b\\x9d\x13\\x8d\x01\x0f\x01\x00\x00\x00\\x91D\\xf0F\\x97\x06\\xa8/\\xbe$-\\xf2l#p\\x82\x00\x06\x00\x00\x00\x00\x10\n\x00\x00\x00\x00\x00E\x16\x00\x00\x0f\x00\x00\x00\x00\x00127.0.0.1\x06\x00\x00\x00\x00\x08\x0b\x00\x00\x00\x00 5.3.2'

###[ Ethernet ]### 
  dst       = 00:00:00:00:00:00
  src       = 00:00:00:00:00:00
  type      = IPv4
###[ IP ]### 
     version   = 4
     ihl       = 5
     tos       = 0x0
     len       = 160
     id        = 22992
     flags     = DF
     frag      = 0
     ttl       = 64
     proto     = tcp
     chksum    = 0xe285
     src       = 127.0.0.1
     dst       = 127.0.0.1
     \options   \
###[ TCP ]### 
        sport     = 5701
        dport     = 58731
        seq       = 1795725931
        ack       = 178210520
        dataofs   = 8
        reserved  = 0
        flags     = PA
        window    = 260
        chksum    = 0xfe94
        urgptr    = 0
        options   = [('NOP', None), ('NOP', None), ('Timestamp', (2898828293, 2898828283))]
###[ Raw ]### 
           load      = '<\x00\x00\x00\x00\\xc0\x01\x01\x00\x00\x01\x00\x00\x00\x00\x00\x00\x00\x00\x00\x00\\x9aO\\x82"\\xbblkl\x17\\x97R\\x9e\\x9b\\x9d\x13\\x8d\x01\x0f\x01\x00\x00\x00\\x91D\\xf0F\\x97\x06\\xa8/\\xbe$-\\xf2l#p\\x82\x00\x06\x00\x00\x00\x00\x10\n\x00\x00\x00\x00\x00E\x16\x00\x00\x0f\x00\x00\x00\x00\x00127.0.0.1\x06\x00\x00\x00\x00\x08\x0b\x00\x00\x00\x00 5.3.2'

###[ Ethernet ]### 
  dst       = 00:00:00:00:00:00
  src       = 00:00:00:00:00:00
  type      = IPv4
###[ IP ]### 
     version   = 4
     ihl       = 5
     tos       = 0x0
     len       = 52
     id        = 36631
     flags     = DF
     frag      = 0
     ttl       = 64
     proto     = tcp
     chksum    = 0xadaa
     src       = 127.0.0.1
     dst       = 127.0.0.1
     \options   \
###[ TCP ]### 
        sport     = 58731
        dport     = 5701
        seq       = 178210520
        ack       = 1795726039
        dataofs   = 8
        reserved  = 0
        flags     = A
        window    = 260
        chksum    = 0xfe28
        urgptr    = 0
        options   = [('NOP', None), ('NOP', None), ('Timestamp', (2898828293, 2898828293))]

###[ Ethernet ]### 
  dst       = 00:00:00:00:00:00
  src       = 00:00:00:00:00:00
  type      = IPv4
###[ IP ]### 
     version   = 4
     ihl       = 5
     tos       = 0x0
     len       = 52
     id        = 36631
     flags     = DF
     frag      = 0
     ttl       = 64
     proto     = tcp
     chksum    = 0xadaa
     src       = 127.0.0.1
     dst       = 127.0.0.1
     \options   \
###[ TCP ]### 
        sport     = 58731
        dport     = 5701
        seq       = 178210520
        ack       = 1795726039
        dataofs   = 8
        reserved  = 0
        flags     = A
        window    = 260
        chksum    = 0xfe28
        urgptr    = 0
        options   = [('NOP', None), ('NOP', None), ('Timestamp', (2898828293, 2898828293))]

###[ Ethernet ]### 
  dst       = 00:00:00:00:00:00
  src       = 00:00:00:00:00:00
  type      = IPv4
###[ IP ]### 
     version   = 4
     ihl       = 5
     tos       = 0x0
     len       = 74
     id        = 36632
     flags     = DF
     frag      = 0
     ttl       = 64
     proto     = tcp
     chksum    = 0xad93
     src       = 127.0.0.1
     dst       = 127.0.0.1
     \options   \
###[ TCP ]### 
        sport     = 58731
        dport     = 5701
        seq       = 178210520
        ack       = 1795726039
        dataofs   = 8
        reserved  = 0
        flags     = PA
        window    = 260
        chksum    = 0xfe3e
        urgptr    = 0
        options   = [('NOP', None), ('NOP', None), ('Timestamp', (2898828300, 2898828293))]
###[ Raw ]### 
           load      = '\x16\x00\x00\x00\x00\\xe1\x00\x03\x00\x00\x02\x00\x00\x00\x00\x00\x00\x00\\xff\\xff\\xff\\xff'

###[ Ethernet ]### 
  dst       = 00:00:00:00:00:00
  src       = 00:00:00:00:00:00
  type      = IPv4
###[ IP ]### 
     version   = 4
     ihl       = 5
     tos       = 0x0
     len       = 74
     id        = 36632
     flags     = DF
     frag      = 0
     ttl       = 64
     proto     = tcp
     chksum    = 0xad93
     src       = 127.0.0.1
     dst       = 127.0.0.1
     \options   \
###[ TCP ]### 
        sport     = 58731
        dport     = 5701
        seq       = 178210520
        ack       = 1795726039
        dataofs   = 8
        reserved  = 0
        flags     = PA
        window    = 260
        chksum    = 0xfe3e
        urgptr    = 0
        options   = [('NOP', None), ('NOP', None), ('Timestamp', (2898828300, 2898828293))]
###[ Raw ]### 
           load      = '\x16\x00\x00\x00\x00\\xe1\x00\x03\x00\x00\x02\x00\x00\x00\x00\x00\x00\x00\\xff\\xff\\xff\\xff'

###[ Ethernet ]### 
  dst       = 00:00:00:00:00:00
  src       = 00:00:00:00:00:00
  type      = IPv4
###[ IP ]### 
     version   = 4
     ihl       = 5
     tos       = 0x0
     len       = 273
     id        = 22993
     flags     = DF
     frag      = 0
     ttl       = 64
     proto     = tcp
     chksum    = 0xe213
     src       = 127.0.0.1
     dst       = 127.0.0.1
     \options   \
###[ TCP ]### 
        sport     = 5701
        dport     = 58731
        seq       = 1795726039
        ack       = 178210542
        dataofs   = 8
        reserved  = 0
        flags     = PA
        window    = 260
        chksum    = 0xff05
        urgptr    = 0
        options   = [('NOP', None), ('NOP', None), ('Timestamp', (2898828304, 2898828300))]
###[ Raw ]### 
           load      = '\x1a\x00\x00\x00\x00\\xc2\x02\x03\x00\x00\x02\x00\x00\x00\x00\x00\x00\x00\\xff\\xff\\xff\\xff\x01\x00\x00\x00\x06\x00\x00\x00\x00\x10\x06\x00\x00\x00\x00\x10\x18\x00\x00\x00\x00\x00\x00\\x9aO\\x82"\\xbblkl\x17\\x97R\\x9e\\x9b\\x9d\x13\\x8d\x00\x06\x00\x00\x00\x00\x10\n\x00\x00\x00\x00\x00E\x16\x00\x00\x0f\x00\x00\x00\x00\x00127.0.0.1\x06\x00\x00\x00\x00\x08\x06\x00\x00\x00\x00\x10\x06\x00\x00\x00\x00\x08\x06\x00\x00\x00\x00\x10\t\x00\x00\x00\x00\x00\x05\x03\x02\x06\x00\x00\x00\x00\x08\x06\x00\x00\x00\x00\x10\x06\x00\x00\x00\x00\x10\n\x00\x00\x00\x00\x00\x00\x00\x00\x00\x06\x00\x00\x00\x00\x04\x06\x00\x00\x00\x00\x08\x06\x00\x00\x00\x00\x10\n\x00\x00\x00\x00\x00E\x16\x00\x00\x0f\x00\x00\x00\x00\x00127.0.0.1\x06\x00\x00\x00\x00\x08\x06\x00\x00\x00\x00\x08\x06\x00\x00\x00\x00\x08\x06\x00\x00\x00\x00('

###[ Ethernet ]### 
  dst       = 00:00:00:00:00:00
  src       = 00:00:00:00:00:00
  type      = IPv4
###[ IP ]### 
     version   = 4
     ihl       = 5
     tos       = 0x0
     len       = 273
     id        = 22993
     flags     = DF
     frag      = 0
     ttl       = 64
     proto     = tcp
     chksum    = 0xe213
     src       = 127.0.0.1
     dst       = 127.0.0.1
     \options   \
###[ TCP ]### 
        sport     = 5701
        dport     = 58731
        seq       = 1795726039
        ack       = 178210542
        dataofs   = 8
        reserved  = 0
        flags     = PA
        window    = 260
        chksum    = 0xff05
        urgptr    = 0
        options   = [('NOP', None), ('NOP', None), ('Timestamp', (2898828304, 2898828300))]
###[ Raw ]### 
           load      = '\x1a\x00\x00\x00\x00\\xc2\x02\x03\x00\x00\x02\x00\x00\x00\x00\x00\x00\x00\\xff\\xff\\xff\\xff\x01\x00\x00\x00\x06\x00\x00\x00\x00\x10\x06\x00\x00\x00\x00\x10\x18\x00\x00\x00\x00\x00\x00\\x9aO\\x82"\\xbblkl\x17\\x97R\\x9e\\x9b\\x9d\x13\\x8d\x00\x06\x00\x00\x00\x00\x10\n\x00\x00\x00\x00\x00E\x16\x00\x00\x0f\x00\x00\x00\x00\x00127.0.0.1\x06\x00\x00\x00\x00\x08\x06\x00\x00\x00\x00\x10\x06\x00\x00\x00\x00\x08\x06\x00\x00\x00\x00\x10\t\x00\x00\x00\x00\x00\x05\x03\x02\x06\x00\x00\x00\x00\x08\x06\x00\x00\x00\x00\x10\x06\x00\x00\x00\x00\x10\n\x00\x00\x00\x00\x00\x00\x00\x00\x00\x06\x00\x00\x00\x00\x04\x06\x00\x00\x00\x00\x08\x06\x00\x00\x00\x00\x10\n\x00\x00\x00\x00\x00E\x16\x00\x00\x0f\x00\x00\x00\x00\x00127.0.0.1\x06\x00\x00\x00\x00\x08\x06\x00\x00\x00\x00\x08\x06\x00\x00\x00\x00\x08\x06\x00\x00\x00\x00('

###[ Ethernet ]### 
  dst       = 00:00:00:00:00:00
  src       = 00:00:00:00:00:00
  type      = IPv4
###[ IP ]### 
     version   = 4
     ihl       = 5
     tos       = 0x0
     len       = 71
     id        = 22994
     flags     = DF
     frag      = 0
     ttl       = 64
     proto     = tcp
     chksum    = 0xe2dc
     src       = 127.0.0.1
     dst       = 127.0.0.1
     \options   \
###[ TCP ]### 
        sport     = 5701
        dport     = 58731
        seq       = 1795726260
        ack       = 178210542
        dataofs   = 8
        reserved  = 0
        flags     = PA
        window    = 260
        chksum    = 0xfe3b
        urgptr    = 0
        options   = [('NOP', None), ('NOP', None), ('Timestamp', (2898828305, 2898828300))]
###[ Raw ]### 
           load      = '\x13\x00\x00\x00\x00\\xe0\x01\x03\x00\x00\x02\x00\x00\x00\x00\x00\x00\x00\x00'

###[ Ethernet ]### 
  dst       = 00:00:00:00:00:00
  src       = 00:00:00:00:00:00
  type      = IPv4
###[ IP ]### 
     version   = 4
     ihl       = 5
     tos       = 0x0
     len       = 71
     id        = 22994
     flags     = DF
     frag      = 0
     ttl       = 64
     proto     = tcp
     chksum    = 0xe2dc
     src       = 127.0.0.1
     dst       = 127.0.0.1
     \options   \
###[ TCP ]### 
        sport     = 5701
        dport     = 58731
        seq       = 1795726260
        ack       = 178210542
        dataofs   = 8
        reserved  = 0
        flags     = PA
        window    = 260
        chksum    = 0xfe3b
        urgptr    = 0
        options   = [('NOP', None), ('NOP', None), ('Timestamp', (2898828305, 2898828300))]
###[ Raw ]### 
           load      = '\x13\x00\x00\x00\x00\\xe0\x01\x03\x00\x00\x02\x00\x00\x00\x00\x00\x00\x00\x00'

###[ Ethernet ]### 
  dst       = 00:00:00:00:00:00
  src       = 00:00:00:00:00:00
  type      = IPv4
###[ IP ]### 
     version   = 4
     ihl       = 5
     tos       = 0x0
     len       = 52
     id        = 36633
     flags     = DF
     frag      = 0
     ttl       = 64
     proto     = tcp
     chksum    = 0xada8
     src       = 127.0.0.1
     dst       = 127.0.0.1
     \options   \
###[ TCP ]### 
        sport     = 58731
        dport     = 5701
        seq       = 178210542
        ack       = 1795726279
        dataofs   = 8
        reserved  = 0
        flags     = A
        window    = 260
        chksum    = 0xfe28
        urgptr    = 0
        options   = [('NOP', None), ('NOP', None), ('Timestamp', (2898828305, 2898828304))]

###[ Ethernet ]### 
  dst       = 00:00:00:00:00:00
  src       = 00:00:00:00:00:00
  type      = IPv4
###[ IP ]### 
     version   = 4
     ihl       = 5
     tos       = 0x0
     len       = 52
     id        = 36633
     flags     = DF
     frag      = 0
     ttl       = 64
     proto     = tcp
     chksum    = 0xada8
     src       = 127.0.0.1
     dst       = 127.0.0.1
     \options   \
###[ TCP ]### 
        sport     = 58731
        dport     = 5701
        seq       = 178210542
        ack       = 1795726279
        dataofs   = 8
        reserved  = 0
        flags     = A
        window    = 260
        chksum    = 0xfe28
        urgptr    = 0
        options   = [('NOP', None), ('NOP', None), ('Timestamp', (2898828305, 2898828304))]

###[ Ethernet ]### 
  dst       = 00:00:00:00:00:00
  src       = 00:00:00:00:00:00
  type      = IPv4
###[ IP ]### 
     version   = 4
     ihl       = 5
     tos       = 0x0
     len       = 74
     id        = 36634
     flags     = DF
     frag      = 0
     ttl       = 64
     proto     = tcp
     chksum    = 0xad91
     src       = 127.0.0.1
     dst       = 127.0.0.1
     \options   \
###[ TCP ]### 
        sport     = 58731
        dport     = 5701
        seq       = 178210542
        ack       = 1795726279
        dataofs   = 8
        reserved  = 0
        flags     = PA
        window    = 260
        chksum    = 0xfe3e
        urgptr    = 0
        options   = [('NOP', None), ('NOP', None), ('Timestamp', (2898828326, 2898828304))]
###[ Raw ]### 
           load      = '\x16\x00\x00\x00\x00\\xe1\x00\x0f\x00\x00\x04\x00\x00\x00\x00\x00\x00\x00\\xff\\xff\\xff\\xff'

###[ Ethernet ]### 
  dst       = 00:00:00:00:00:00
  src       = 00:00:00:00:00:00
  type      = IPv4
###[ IP ]### 
     version   = 4
     ihl       = 5
     tos       = 0x0
     len       = 74
     id        = 36634
     flags     = DF
     frag      = 0
     ttl       = 64
     proto     = tcp
     chksum    = 0xad91
     src       = 127.0.0.1
     dst       = 127.0.0.1
     \options   \
###[ TCP ]### 
        sport     = 58731
        dport     = 5701
        seq       = 178210542
        ack       = 1795726279
        dataofs   = 8
        reserved  = 0
        flags     = PA
        window    = 260
        chksum    = 0xfe3e
        urgptr    = 0
        options   = [('NOP', None), ('NOP', None), ('Timestamp', (2898828326, 2898828304))]
###[ Raw ]### 
           load      = '\x16\x00\x00\x00\x00\\xe1\x00\x0f\x00\x00\x04\x00\x00\x00\x00\x00\x00\x00\\xff\\xff\\xff\\xff'

###[ Ethernet ]### 
  dst       = 00:00:00:00:00:00
  src       = 00:00:00:00:00:00
  type      = IPv4
###[ IP ]### 
     version   = 4
     ihl       = 5
     tos       = 0x0
     len       = 88
     id        = 22995
     flags     = DF
     frag      = 0
     ttl       = 64
     proto     = tcp
     chksum    = 0xe2ca
     src       = 127.0.0.1
     dst       = 127.0.0.1
     \options   \
###[ TCP ]### 
        sport     = 5701
        dport     = 58731
        seq       = 1795726279
        ack       = 178210564
        dataofs   = 8
        reserved  = 0
        flags     = PA
        window    = 260
        chksum    = 0xfe4c
        urgptr    = 0
        options   = [('NOP', None), ('NOP', None), ('Timestamp', (2898828329, 2898828326))]
###[ Raw ]### 
           load      = '$\x00\x00\x00\x00\\xe0\x01\x0f\x00\x00\x04\x00\x00\x00\x00\x00\x00\x00\x00\x00\\xdcKzE\\x90\\xf3\x1cP\\xd6X\\xd8\\xdb\\xeemY\\xb0'

###[ Ethernet ]### 
  dst       = 00:00:00:00:00:00
  src       = 00:00:00:00:00:00
  type      = IPv4
###[ IP ]### 
     version   = 4
     ihl       = 5
     tos       = 0x0
     len       = 88
     id        = 22995
     flags     = DF
     frag      = 0
     ttl       = 64
     proto     = tcp
     chksum    = 0xe2ca
     src       = 127.0.0.1
     dst       = 127.0.0.1
     \options   \
###[ TCP ]### 
        sport     = 5701
        dport     = 58731
        seq       = 1795726279
        ack       = 178210564
        dataofs   = 8
        reserved  = 0
        flags     = PA
        window    = 260
        chksum    = 0xfe4c
        urgptr    = 0
        options   = [('NOP', None), ('NOP', None), ('Timestamp', (2898828329, 2898828326))]
###[ Raw ]### 
           load      = '$\x00\x00\x00\x00\\xe0\x01\x0f\x00\x00\x04\x00\x00\x00\x00\x00\x00\x00\x00\x00\\xdcKzE\\x90\\xf3\x1cP\\xd6X\\xd8\\xdb\\xeemY\\xb0'

###[ Ethernet ]### 
  dst       = 00:00:00:00:00:00
  src       = 00:00:00:00:00:00
  type      = IPv4
###[ IP ]### 
     version   = 4
     ihl       = 5
     tos       = 0x0
     len       = 110
     id        = 36635
     flags     = DF
     frag      = 0
     ttl       = 64
     proto     = tcp
     chksum    = 0xad6c
     src       = 127.0.0.1
     dst       = 127.0.0.1
     \options   \
###[ TCP ]### 
        sport     = 58731
        dport     = 5701
        seq       = 178210564
        ack       = 1795726315
        dataofs   = 8
        reserved  = 0
        flags     = PA
        window    = 260
        chksum    = 0xfe62
        urgptr    = 0
        options   = [('NOP', None), ('NOP', None), ('Timestamp', (2898828337, 2898828329))]
###[ Raw ]### 
           load      = '\x16\x00\x00\x00\x00\\xc1\x00\x04\x00\x00\x05\x00\x00\x00\x00\x00\x00\x00\\xff\\xff\\xff\\xff\x0c\x00\x00\x00\x00\x00my.map\x18\x00\x00\x00\x00 hz:impl:mapService'

###[ Ethernet ]### 
  dst       = 00:00:00:00:00:00
  src       = 00:00:00:00:00:00
  type      = IPv4
###[ IP ]### 
     version   = 4
     ihl       = 5
     tos       = 0x0
     len       = 110
     id        = 36635
     flags     = DF
     frag      = 0
     ttl       = 64
     proto     = tcp
     chksum    = 0xad6c
     src       = 127.0.0.1
     dst       = 127.0.0.1
     \options   \
###[ TCP ]### 
        sport     = 58731
        dport     = 5701
        seq       = 178210564
        ack       = 1795726315
        dataofs   = 8
        reserved  = 0
        flags     = PA
        window    = 260
        chksum    = 0xfe62
        urgptr    = 0
        options   = [('NOP', None), ('NOP', None), ('Timestamp', (2898828337, 2898828329))]
###[ Raw ]### 
           load      = '\x16\x00\x00\x00\x00\\xc1\x00\x04\x00\x00\x05\x00\x00\x00\x00\x00\x00\x00\\xff\\xff\\xff\\xff\x0c\x00\x00\x00\x00\x00my.map\x18\x00\x00\x00\x00 hz:impl:mapService'

###[ Ethernet ]### 
  dst       = 00:00:00:00:00:00
  src       = 00:00:00:00:00:00
  type      = IPv4
###[ IP ]### 
     version   = 4
     ihl       = 5
     tos       = 0x0
     len       = 71
     id        = 22996
     flags     = DF
     frag      = 0
     ttl       = 64
     proto     = tcp
     chksum    = 0xe2da
     src       = 127.0.0.1
     dst       = 127.0.0.1
     \options   \
###[ TCP ]### 
        sport     = 5701
        dport     = 58731
        seq       = 1795726315
        ack       = 178210622
        dataofs   = 8
        reserved  = 0
        flags     = PA
        window    = 260
        chksum    = 0xfe3b
        urgptr    = 0
        options   = [('NOP', None), ('NOP', None), ('Timestamp', (2898828342, 2898828337))]
###[ Raw ]### 
           load      = '\x13\x00\x00\x00\x00\\xe0\x01\x04\x00\x00\x05\x00\x00\x00\x00\x00\x00\x00\x00'

###[ Ethernet ]### 
  dst       = 00:00:00:00:00:00
  src       = 00:00:00:00:00:00
  type      = IPv4
###[ IP ]### 
     version   = 4
     ihl       = 5
     tos       = 0x0
     len       = 71
     id        = 22996
     flags     = DF
     frag      = 0
     ttl       = 64
     proto     = tcp
     chksum    = 0xe2da
     src       = 127.0.0.1
     dst       = 127.0.0.1
     \options   \
###[ TCP ]### 
        sport     = 5701
        dport     = 58731
        seq       = 1795726315
        ack       = 178210622
        dataofs   = 8
        reserved  = 0
        flags     = PA
        window    = 260
        chksum    = 0xfe3b
        urgptr    = 0
        options   = [('NOP', None), ('NOP', None), ('Timestamp', (2898828342, 2898828337))]
###[ Raw ]### 
           load      = '\x13\x00\x00\x00\x00\\xe0\x01\x04\x00\x00\x05\x00\x00\x00\x00\x00\x00\x00\x00'

###[ Ethernet ]### 
  dst       = 00:00:00:00:00:00
  src       = 00:00:00:00:00:00
  type      = IPv4
###[ IP ]### 
     version   = 4
     ihl       = 5
     tos       = 0x0
     len       = 144
     id        = 36636
     flags     = DF
     frag      = 0
     ttl       = 64
     proto     = tcp
     chksum    = 0xad49
     src       = 127.0.0.1
     dst       = 127.0.0.1
     \options   \
###[ TCP ]### 
        sport     = 58731
        dport     = 5701
        seq       = 178210622
        ack       = 1795726334
        dataofs   = 8
        reserved  = 0
        flags     = PA
        window    = 260
        chksum    = 0xfe84
        urgptr    = 0
        options   = [('NOP', None), ('NOP', None), ('Timestamp', (2898828347, 2898828342))]
###[ Raw ]### 
           load      = '&\x00\x00\x00\x00\\xc1\x00\x01\x01\x00\x06\x00\x00\x00\x00\x00\x00\x00\r\x00\x00\x00\x01\x00\x00\x00\x00\x00\x00\x00\\xff\\xff\\xff\\xff\\xff\\xff\\xff\\xff\x0c\x00\x00\x00\x00\x00my.map\x15\x00\x00\x00\x00\x00\x00\x00\x00\x00\\xff\\xff\\xff\\xf5\x00\x00\x00\x03abc\x15\x00\x00\x00\x00 \x00\x00\x00\x00\\xff\\xff\\xff\\xf5\x00\x00\x00\x03123'

###[ Ethernet ]### 
  dst       = 00:00:00:00:00:00
  src       = 00:00:00:00:00:00
  type      = IPv4
###[ IP ]### 
     version   = 4
     ihl       = 5
     tos       = 0x0
     len       = 144
     id        = 36636
     flags     = DF
     frag      = 0
     ttl       = 64
     proto     = tcp
     chksum    = 0xad49
     src       = 127.0.0.1
     dst       = 127.0.0.1
     \options   \
###[ TCP ]### 
        sport     = 58731
        dport     = 5701
        seq       = 178210622
        ack       = 1795726334
        dataofs   = 8
        reserved  = 0
        flags     = PA
        window    = 260
        chksum    = 0xfe84
        urgptr    = 0
        options   = [('NOP', None), ('NOP', None), ('Timestamp', (2898828347, 2898828342))]
###[ Raw ]### 
           load      = '&\x00\x00\x00\x00\\xc1\x00\x01\x01\x00\x06\x00\x00\x00\x00\x00\x00\x00\r\x00\x00\x00\x01\x00\x00\x00\x00\x00\x00\x00\\xff\\xff\\xff\\xff\\xff\\xff\\xff\\xff\x0c\x00\x00\x00\x00\x00my.map\x15\x00\x00\x00\x00\x00\x00\x00\x00\x00\\xff\\xff\\xff\\xf5\x00\x00\x00\x03abc\x15\x00\x00\x00\x00 \x00\x00\x00\x00\\xff\\xff\\xff\\xf5\x00\x00\x00\x03123'

###[ Ethernet ]### 
  dst       = 00:00:00:00:00:00
  src       = 00:00:00:00:00:00
  type      = IPv4
###[ IP ]### 
     version   = 4
     ihl       = 5
     tos       = 0x0
     len       = 52
     id        = 22997
     flags     = DF
     frag      = 0
     ttl       = 64
     proto     = tcp
     chksum    = 0xe2ec
     src       = 127.0.0.1
     dst       = 127.0.0.1
     \options   \
###[ TCP ]### 
        sport     = 5701
        dport     = 58731
        seq       = 1795726334
        ack       = 178210714
        dataofs   = 8
        reserved  = 0
        flags     = A
        window    = 260
        chksum    = 0xfe28
        urgptr    = 0
        options   = [('NOP', None), ('NOP', None), ('Timestamp', (2898828391, 2898828347))]

###[ Ethernet ]### 
  dst       = 00:00:00:00:00:00
  src       = 00:00:00:00:00:00
  type      = IPv4
###[ IP ]### 
     version   = 4
     ihl       = 5
     tos       = 0x0
     len       = 52
     id        = 22997
     flags     = DF
     frag      = 0
     ttl       = 64
     proto     = tcp
     chksum    = 0xe2ec
     src       = 127.0.0.1
     dst       = 127.0.0.1
     \options   \
###[ TCP ]### 
        sport     = 5701
        dport     = 58731
        seq       = 1795726334
        ack       = 178210714
        dataofs   = 8
        reserved  = 0
        flags     = A
        window    = 260
        chksum    = 0xfe28
        urgptr    = 0
        options   = [('NOP', None), ('NOP', None), ('Timestamp', (2898828391, 2898828347))]

###[ Ethernet ]### 
  dst       = 00:00:00:00:00:00
  src       = 00:00:00:00:00:00
  type      = IPv4
###[ IP ]### 
     version   = 4
     ihl       = 5
     tos       = 0x0
     len       = 77
     id        = 22998
     flags     = DF
     frag      = 0
     ttl       = 64
     proto     = tcp
     chksum    = 0xe2d2
     src       = 127.0.0.1
     dst       = 127.0.0.1
     \options   \
###[ TCP ]### 
        sport     = 5701
        dport     = 58731
        seq       = 1795726334
        ack       = 178210714
        dataofs   = 8
        reserved  = 0
        flags     = PA
        window    = 260
        chksum    = 0xfe41
        urgptr    = 0
        options   = [('NOP', None), ('NOP', None), ('Timestamp', (2898828406, 2898828347))]
###[ Raw ]### 
           load      = '\x13\x00\x00\x00\x00\\xc0\x01\x01\x01\x00\x06\x00\x00\x00\x00\x00\x00\x00\x00\x06\x00\x00\x00\x00$'

###[ Ethernet ]### 
  dst       = 00:00:00:00:00:00
  src       = 00:00:00:00:00:00
  type      = IPv4
###[ IP ]### 
     version   = 4
     ihl       = 5
     tos       = 0x0
     len       = 77
     id        = 22998
     flags     = DF
     frag      = 0
     ttl       = 64
     proto     = tcp
     chksum    = 0xe2d2
     src       = 127.0.0.1
     dst       = 127.0.0.1
     \options   \
###[ TCP ]### 
        sport     = 5701
        dport     = 58731
        seq       = 1795726334
        ack       = 178210714
        dataofs   = 8
        reserved  = 0
        flags     = PA
        window    = 260
        chksum    = 0xfe41
        urgptr    = 0
        options   = [('NOP', None), ('NOP', None), ('Timestamp', (2898828406, 2898828347))]
###[ Raw ]### 
           load      = '\x13\x00\x00\x00\x00\\xc0\x01\x01\x01\x00\x06\x00\x00\x00\x00\x00\x00\x00\x00\x06\x00\x00\x00\x00$'

###[ Ethernet ]### 
  dst       = 00:00:00:00:00:00
  src       = 00:00:00:00:00:00
  type      = IPv4
###[ IP ]### 
     version   = 4
     ihl       = 5
     tos       = 0x0
     len       = 52
     id        = 36637
     flags     = DF
     frag      = 0
     ttl       = 64
     proto     = tcp
     chksum    = 0xada4
     src       = 127.0.0.1
     dst       = 127.0.0.1
     \options   \
###[ TCP ]### 
        sport     = 58731
        dport     = 5701
        seq       = 178210714
        ack       = 1795726359
        dataofs   = 8
        reserved  = 0
        flags     = A
        window    = 260
        chksum    = 0xfe28
        urgptr    = 0
        options   = [('NOP', None), ('NOP', None), ('Timestamp', (2898828447, 2898828406))]

###[ Ethernet ]### 
  dst       = 00:00:00:00:00:00
  src       = 00:00:00:00:00:00
  type      = IPv4
###[ IP ]### 
     version   = 4
     ihl       = 5
     tos       = 0x0
     len       = 52
     id        = 36637
     flags     = DF
     frag      = 0
     ttl       = 64
     proto     = tcp
     chksum    = 0xada4
     src       = 127.0.0.1
     dst       = 127.0.0.1
     \options   \
###[ TCP ]### 
        sport     = 58731
        dport     = 5701
        seq       = 178210714
        ack       = 1795726359
        dataofs   = 8
        reserved  = 0
        flags     = A
        window    = 260
        chksum    = 0xfe28
        urgptr    = 0
        options   = [('NOP', None), ('NOP', None), ('Timestamp', (2898828447, 2898828406))]

###[ Ethernet ]### 
  dst       = 00:00:00:00:00:00
  src       = 00:00:00:00:00:00
  type      = IPv4
###[ IP ]### 
     version   = 4
     ihl       = 5
     tos       = 0x0
     len       = 1203
     id        = 22999
     flags     = DF
     frag      = 0
     ttl       = 64
     proto     = tcp
     chksum    = 0xde6b
     src       = 127.0.0.1
     dst       = 127.0.0.1
     \options   \
###[ TCP ]### 
        sport     = 5701
        dport     = 58731
        seq       = 1795726359
        ack       = 178210714
        dataofs   = 8
        reserved  = 0
        flags     = PA
        window    = 260
        chksum    = 0x2a8
        urgptr    = 0
        options   = [('NOP', None), ('NOP', None), ('Timestamp', (2898828468, 2898828447))]
###[ Raw ]### 
           load      = '\x1a\x00\x00\x00\x00\\xc2\x03\x03\x00\x00\x02\x00\x00\x00\x00\x00\x00\x00\\xff\\xff\\xff\\xff\x01\x00\x00\x00\x06\x00\x00\x00\x00\x10B\x04\x00\x00\x00\x00\x00\x00\x00\x00\x01\x00\x00\x00\x02\x00\x00\x00\x03\x00\x00\x00\x04\x00\x00\x00\x05\x00\x00\x00\x06\x00\x00\x00\x07\x00\x00\x00\x08\x00\x00\x00\t\x00\x00\x00\n\x00\x00\x00\x0b\x00\x00\x00\x0c\x00\x00\x00\r\x00\x00\x00\x0e\x00\x00\x00\x0f\x00\x00\x00\x10\x00\x00\x00\x11\x00\x00\x00\x12\x00\x00\x00\x13\x00\x00\x00\x14\x00\x00\x00\x15\x00\x00\x00\x16\x00\x00\x00\x17\x00\x00\x00\x18\x00\x00\x00\x19\x00\x00\x00\x1a\x00\x00\x00\x1b\x00\x00\x00\x1c\x00\x00\x00\x1d\x00\x00\x00\x1e\x00\x00\x00\x1f\x00\x00\x00 \x00\x00\x00!\x00\x00\x00"\x00\x00\x00#\x00\x00\x00$\x00\x00\x00%\x00\x00\x00&\x00\x00\x00\'\x00\x00\x00(\x00\x00\x00)\x00\x00\x00*\x00\x00\x00+\x00\x00\x00,\x00\x00\x00-\x00\x00\x00.\x00\x00\x00/\x00\x00\x000\x00\x00\x001\x00\x00\x002\x00\x00\x003\x00\x00\x004\x00\x00\x005\x00\x00\x006\x00\x00\x007\x00\x00\x008\x00\x00\x009\x00\x00\x00:\x00\x00\x00;\x00\x00\x00<\x00\x00\x00=\x00\x00\x00>\x00\x00\x00?\x00\x00\x00@\x00\x00\x00A\x00\x00\x00B\x00\x00\x00C\x00\x00\x00D\x00\x00\x00E\x00\x00\x00F\x00\x00\x00G\x00\x00\x00H\x00\x00\x00I\x00\x00\x00J\x00\x00\x00K\x00\x00\x00L\x00\x00\x00M\x00\x00\x00N\x00\x00\x00O\x00\x00\x00P\x00\x00\x00Q\x00\x00\x00R\x00\x00\x00S\x00\x00\x00T\x00\x00\x00U\x00\x00\x00V\x00\x00\x00W\x00\x00\x00X\x00\x00\x00Y\x00\x00\x00Z\x00\x00\x00[\x00\x00\x00\\\x00\x00\x00]\x00\x00\x00^\x00\x00\x00_\x00\x00\x00`\x00\x00\x00a\x00\x00\x00b\x00\x00\x00c\x00\x00\x00d\x00\x00\x00e\x00\x00\x00f\x00\x00\x00g\x00\x00\x00h\x00\x00\x00i\x00\x00\x00j\x00\x00\x00k\x00\x00\x00l\x00\x00\x00m\x00\x00\x00n\x00\x00\x00o\x00\x00\x00p\x00\x00\x00q\x00\x00\x00r\x00\x00\x00s\x00\x00\x00t\x00\x00\x00u\x00\x00\x00v\x00\x00\x00w\x00\x00\x00x\x00\x00\x00y\x00\x00\x00z\x00\x00\x00{\x00\x00\x00|\x00\x00\x00}\x00\x00\x00~\x00\x00\x00\x7f\x00\x00\x00\\x80\x00\x00\x00\\x81\x00\x00\x00\\x82\x00\x00\x00\\x83\x00\x00\x00\\x84\x00\x00\x00\\x85\x00\x00\x00\\x86\x00\x00\x00\\x87\x00\x00\x00\\x88\x00\x00\x00\\x89\x00\x00\x00\\x8a\x00\x00\x00\\x8b\x00\x00\x00\\x8c\x00\x00\x00\\x8d\x00\x00\x00\\x8e\x00\x00\x00\\x8f\x00\x00\x00\\x90\x00\x00\x00\\x91\x00\x00\x00\\x92\x00\x00\x00\\x93\x00\x00\x00\\x94\x00\x00\x00\\x95\x00\x00\x00\\x96\x00\x00\x00\\x97\x00\x00\x00\\x98\x00\x00\x00\\x99\x00\x00\x00\\x9a\x00\x00\x00\\x9b\x00\x00\x00\\x9c\x00\x00\x00\\x9d\x00\x00\x00\\x9e\x00\x00\x00\\x9f\x00\x00\x00\\xa0\x00\x00\x00\\xa1\x00\x00\x00\\xa2\x00\x00\x00\\xa3\x00\x00\x00\\xa4\x00\x00\x00\\xa5\x00\x00\x00\\xa6\x00\x00\x00\\xa7\x00\x00\x00\\xa8\x00\x00\x00\\xa9\x00\x00\x00\\xaa\x00\x00\x00\\xab\x00\x00\x00\\xac\x00\x00\x00\\xad\x00\x00\x00\\xae\x00\x00\x00\\xaf\x00\x00\x00\\xb0\x00\x00\x00\\xb1\x00\x00\x00\\xb2\x00\x00\x00\\xb3\x00\x00\x00\\xb4\x00\x00\x00\\xb5\x00\x00\x00\\xb6\x00\x00\x00\\xb7\x00\x00\x00\\xb8\x00\x00\x00\\xb9\x00\x00\x00\\xba\x00\x00\x00\\xbb\x00\x00\x00\\xbc\x00\x00\x00\\xbd\x00\x00\x00\\xbe\x00\x00\x00\\xbf\x00\x00\x00\\xc0\x00\x00\x00\\xc1\x00\x00\x00\\xc2\x00\x00\x00\\xc3\x00\x00\x00\\xc4\x00\x00\x00\\xc5\x00\x00\x00\\xc6\x00\x00\x00\\xc7\x00\x00\x00\\xc8\x00\x00\x00\\xc9\x00\x00\x00\\xca\x00\x00\x00\\xcb\x00\x00\x00\\xcc\x00\x00\x00\\xcd\x00\x00\x00\\xce\x00\x00\x00\\xcf\x00\x00\x00\\xd0\x00\x00\x00\\xd1\x00\x00\x00\\xd2\x00\x00\x00\\xd3\x00\x00\x00\\xd4\x00\x00\x00\\xd5\x00\x00\x00\\xd6\x00\x00\x00\\xd7\x00\x00\x00\\xd8\x00\x00\x00\\xd9\x00\x00\x00\\xda\x00\x00\x00\\xdb\x00\x00\x00\\xdc\x00\x00\x00\\xdd\x00\x00\x00\\xde\x00\x00\x00\\xdf\x00\x00\x00\\xe0\x00\x00\x00\\xe1\x00\x00\x00\\xe2\x00\x00\x00\\xe3\x00\x00\x00\\xe4\x00\x00\x00\\xe5\x00\x00\x00\\xe6\x00\x00\x00\\xe7\x00\x00\x00\\xe8\x00\x00\x00\\xe9\x00\x00\x00\\xea\x00\x00\x00\\xeb\x00\x00\x00\\xec\x00\x00\x00\\xed\x00\x00\x00\\xee\x00\x00\x00\\xef\x00\x00\x00\\xf0\x00\x00\x00\\xf1\x00\x00\x00\\xf2\x00\x00\x00\\xf3\x00\x00\x00\\xf4\x00\x00\x00\\xf5\x00\x00\x00\\xf6\x00\x00\x00\\xf7\x00\x00\x00\\xf8\x00\x00\x00\\xf9\x00\x00\x00\\xfa\x00\x00\x00\\xfb\x00\x00\x00\\xfc\x00\x00\x00\\xfd\x00\x00\x00\\xfe\x00\x00\x00\\xff\x00\x00\x00\x00\x01\x00\x00\x01\x01\x00\x00\x02\x01\x00\x00\x03\x01\x00\x00\x04\x01\x00\x00\x05\x01\x00\x00\x06\x01\x00\x00\x07\x01\x00\x00\x08\x01\x00\x00\t\x01\x00\x00\n\x01\x00\x00\x0b\x01\x00\x00\x0c\x01\x00\x00\r\x01\x00\x00\x0e\x01\x00\x00\x06\x00\x00\x00\x00\x08\x17\x00\x00\x00\x00 \x00\\x9aO\\x82"\\xbblkl\x17\\x97R\\x9e\\x9b\\x9d\x13\\x8d'

###[ Ethernet ]### 
  dst       = 00:00:00:00:00:00
  src       = 00:00:00:00:00:00
  type      = IPv4
###[ IP ]### 
     version   = 4
     ihl       = 5
     tos       = 0x0
     len       = 1203
     id        = 22999
     flags     = DF
     frag      = 0
     ttl       = 64
     proto     = tcp
     chksum    = 0xde6b
     src       = 127.0.0.1
     dst       = 127.0.0.1
     \options   \
###[ TCP ]### 
        sport     = 5701
        dport     = 58731
        seq       = 1795726359
        ack       = 178210714
        dataofs   = 8
        reserved  = 0
        flags     = PA
        window    = 260
        chksum    = 0x2a8
        urgptr    = 0
        options   = [('NOP', None), ('NOP', None), ('Timestamp', (2898828468, 2898828447))]
###[ Raw ]### 
           load      = '\x1a\x00\x00\x00\x00\\xc2\x03\x03\x00\x00\x02\x00\x00\x00\x00\x00\x00\x00\\xff\\xff\\xff\\xff\x01\x00\x00\x00\x06\x00\x00\x00\x00\x10B\x04\x00\x00\x00\x00\x00\x00\x00\x00\x01\x00\x00\x00\x02\x00\x00\x00\x03\x00\x00\x00\x04\x00\x00\x00\x05\x00\x00\x00\x06\x00\x00\x00\x07\x00\x00\x00\x08\x00\x00\x00\t\x00\x00\x00\n\x00\x00\x00\x0b\x00\x00\x00\x0c\x00\x00\x00\r\x00\x00\x00\x0e\x00\x00\x00\x0f\x00\x00\x00\x10\x00\x00\x00\x11\x00\x00\x00\x12\x00\x00\x00\x13\x00\x00\x00\x14\x00\x00\x00\x15\x00\x00\x00\x16\x00\x00\x00\x17\x00\x00\x00\x18\x00\x00\x00\x19\x00\x00\x00\x1a\x00\x00\x00\x1b\x00\x00\x00\x1c\x00\x00\x00\x1d\x00\x00\x00\x1e\x00\x00\x00\x1f\x00\x00\x00 \x00\x00\x00!\x00\x00\x00"\x00\x00\x00#\x00\x00\x00$\x00\x00\x00%\x00\x00\x00&\x00\x00\x00\'\x00\x00\x00(\x00\x00\x00)\x00\x00\x00*\x00\x00\x00+\x00\x00\x00,\x00\x00\x00-\x00\x00\x00.\x00\x00\x00/\x00\x00\x000\x00\x00\x001\x00\x00\x002\x00\x00\x003\x00\x00\x004\x00\x00\x005\x00\x00\x006\x00\x00\x007\x00\x00\x008\x00\x00\x009\x00\x00\x00:\x00\x00\x00;\x00\x00\x00<\x00\x00\x00=\x00\x00\x00>\x00\x00\x00?\x00\x00\x00@\x00\x00\x00A\x00\x00\x00B\x00\x00\x00C\x00\x00\x00D\x00\x00\x00E\x00\x00\x00F\x00\x00\x00G\x00\x00\x00H\x00\x00\x00I\x00\x00\x00J\x00\x00\x00K\x00\x00\x00L\x00\x00\x00M\x00\x00\x00N\x00\x00\x00O\x00\x00\x00P\x00\x00\x00Q\x00\x00\x00R\x00\x00\x00S\x00\x00\x00T\x00\x00\x00U\x00\x00\x00V\x00\x00\x00W\x00\x00\x00X\x00\x00\x00Y\x00\x00\x00Z\x00\x00\x00[\x00\x00\x00\\\x00\x00\x00]\x00\x00\x00^\x00\x00\x00_\x00\x00\x00`\x00\x00\x00a\x00\x00\x00b\x00\x00\x00c\x00\x00\x00d\x00\x00\x00e\x00\x00\x00f\x00\x00\x00g\x00\x00\x00h\x00\x00\x00i\x00\x00\x00j\x00\x00\x00k\x00\x00\x00l\x00\x00\x00m\x00\x00\x00n\x00\x00\x00o\x00\x00\x00p\x00\x00\x00q\x00\x00\x00r\x00\x00\x00s\x00\x00\x00t\x00\x00\x00u\x00\x00\x00v\x00\x00\x00w\x00\x00\x00x\x00\x00\x00y\x00\x00\x00z\x00\x00\x00{\x00\x00\x00|\x00\x00\x00}\x00\x00\x00~\x00\x00\x00\x7f\x00\x00\x00\\x80\x00\x00\x00\\x81\x00\x00\x00\\x82\x00\x00\x00\\x83\x00\x00\x00\\x84\x00\x00\x00\\x85\x00\x00\x00\\x86\x00\x00\x00\\x87\x00\x00\x00\\x88\x00\x00\x00\\x89\x00\x00\x00\\x8a\x00\x00\x00\\x8b\x00\x00\x00\\x8c\x00\x00\x00\\x8d\x00\x00\x00\\x8e\x00\x00\x00\\x8f\x00\x00\x00\\x90\x00\x00\x00\\x91\x00\x00\x00\\x92\x00\x00\x00\\x93\x00\x00\x00\\x94\x00\x00\x00\\x95\x00\x00\x00\\x96\x00\x00\x00\\x97\x00\x00\x00\\x98\x00\x00\x00\\x99\x00\x00\x00\\x9a\x00\x00\x00\\x9b\x00\x00\x00\\x9c\x00\x00\x00\\x9d\x00\x00\x00\\x9e\x00\x00\x00\\x9f\x00\x00\x00\\xa0\x00\x00\x00\\xa1\x00\x00\x00\\xa2\x00\x00\x00\\xa3\x00\x00\x00\\xa4\x00\x00\x00\\xa5\x00\x00\x00\\xa6\x00\x00\x00\\xa7\x00\x00\x00\\xa8\x00\x00\x00\\xa9\x00\x00\x00\\xaa\x00\x00\x00\\xab\x00\x00\x00\\xac\x00\x00\x00\\xad\x00\x00\x00\\xae\x00\x00\x00\\xaf\x00\x00\x00\\xb0\x00\x00\x00\\xb1\x00\x00\x00\\xb2\x00\x00\x00\\xb3\x00\x00\x00\\xb4\x00\x00\x00\\xb5\x00\x00\x00\\xb6\x00\x00\x00\\xb7\x00\x00\x00\\xb8\x00\x00\x00\\xb9\x00\x00\x00\\xba\x00\x00\x00\\xbb\x00\x00\x00\\xbc\x00\x00\x00\\xbd\x00\x00\x00\\xbe\x00\x00\x00\\xbf\x00\x00\x00\\xc0\x00\x00\x00\\xc1\x00\x00\x00\\xc2\x00\x00\x00\\xc3\x00\x00\x00\\xc4\x00\x00\x00\\xc5\x00\x00\x00\\xc6\x00\x00\x00\\xc7\x00\x00\x00\\xc8\x00\x00\x00\\xc9\x00\x00\x00\\xca\x00\x00\x00\\xcb\x00\x00\x00\\xcc\x00\x00\x00\\xcd\x00\x00\x00\\xce\x00\x00\x00\\xcf\x00\x00\x00\\xd0\x00\x00\x00\\xd1\x00\x00\x00\\xd2\x00\x00\x00\\xd3\x00\x00\x00\\xd4\x00\x00\x00\\xd5\x00\x00\x00\\xd6\x00\x00\x00\\xd7\x00\x00\x00\\xd8\x00\x00\x00\\xd9\x00\x00\x00\\xda\x00\x00\x00\\xdb\x00\x00\x00\\xdc\x00\x00\x00\\xdd\x00\x00\x00\\xde\x00\x00\x00\\xdf\x00\x00\x00\\xe0\x00\x00\x00\\xe1\x00\x00\x00\\xe2\x00\x00\x00\\xe3\x00\x00\x00\\xe4\x00\x00\x00\\xe5\x00\x00\x00\\xe6\x00\x00\x00\\xe7\x00\x00\x00\\xe8\x00\x00\x00\\xe9\x00\x00\x00\\xea\x00\x00\x00\\xeb\x00\x00\x00\\xec\x00\x00\x00\\xed\x00\x00\x00\\xee\x00\x00\x00\\xef\x00\x00\x00\\xf0\x00\x00\x00\\xf1\x00\x00\x00\\xf2\x00\x00\x00\\xf3\x00\x00\x00\\xf4\x00\x00\x00\\xf5\x00\x00\x00\\xf6\x00\x00\x00\\xf7\x00\x00\x00\\xf8\x00\x00\x00\\xf9\x00\x00\x00\\xfa\x00\x00\x00\\xfb\x00\x00\x00\\xfc\x00\x00\x00\\xfd\x00\x00\x00\\xfe\x00\x00\x00\\xff\x00\x00\x00\x00\x01\x00\x00\x01\x01\x00\x00\x02\x01\x00\x00\x03\x01\x00\x00\x04\x01\x00\x00\x05\x01\x00\x00\x06\x01\x00\x00\x07\x01\x00\x00\x08\x01\x00\x00\t\x01\x00\x00\n\x01\x00\x00\x0b\x01\x00\x00\x0c\x01\x00\x00\r\x01\x00\x00\x0e\x01\x00\x00\x06\x00\x00\x00\x00\x08\x17\x00\x00\x00\x00 \x00\\x9aO\\x82"\\xbblkl\x17\\x97R\\x9e\\x9b\\x9d\x13\\x8d'

###[ Ethernet ]### 
  dst       = 00:00:00:00:00:00
  src       = 00:00:00:00:00:00
  type      = IPv4
###[ IP ]### 
     version   = 4
     ihl       = 5
     tos       = 0x0
     len       = 52
     id        = 36638
     flags     = DF
     frag      = 0
     ttl       = 64
     proto     = tcp
     chksum    = 0xada3
     src       = 127.0.0.1
     dst       = 127.0.0.1
     \options   \
###[ TCP ]### 
        sport     = 58731
        dport     = 5701
        seq       = 178210714
        ack       = 1795727510
        dataofs   = 8
        reserved  = 0
        flags     = A
        window    = 260
        chksum    = 0xfe28
        urgptr    = 0
        options   = [('NOP', None), ('NOP', None), ('Timestamp', (2898828468, 2898828468))]

###[ Ethernet ]### 
  dst       = 00:00:00:00:00:00
  src       = 00:00:00:00:00:00
  type      = IPv4
###[ IP ]### 
     version   = 4
     ihl       = 5
     tos       = 0x0
     len       = 52
     id        = 36638
     flags     = DF
     frag      = 0
     ttl       = 64
     proto     = tcp
     chksum    = 0xada3
     src       = 127.0.0.1
     dst       = 127.0.0.1
     \options   \
###[ TCP ]### 
        sport     = 58731
        dport     = 5701
        seq       = 178210714
        ack       = 1795727510
        dataofs   = 8
        reserved  = 0
        flags     = A
        window    = 260
        chksum    = 0xfe28
        urgptr    = 0
        options   = [('NOP', None), ('NOP', None), ('Timestamp', (2898828468, 2898828468))]

###[ Ethernet ]### 
  dst       = 00:00:00:00:00:00
  src       = 00:00:00:00:00:00
  type      = IPv4
###[ IP ]### 
     version   = 4
     ihl       = 5
     tos       = 0x0
     len       = 181
     id        = 36639
     flags     = DF
     frag      = 0
     ttl       = 64
     proto     = tcp
     chksum    = 0xad21
     src       = 127.0.0.1
     dst       = 127.0.0.1
     \options   \
###[ TCP ]### 
        sport     = 58731
        dport     = 5701
        seq       = 178210714
        ack       = 1795727510
        dataofs   = 8
        reserved  = 0
        flags     = PA
        window    = 260
        chksum    = 0xfea9
        urgptr    = 0
        options   = [('NOP', None), ('NOP', None), ('Timestamp', (2898834411, 2898828468))]
###[ Raw ]### 
           load      = '\x1e\x00\x00\x00\x00\\xc1\x00.\x01\x00\x07\x00\x00\x00\x00\x00\x00\x00g\x00\x00\x00\x01\x00\x00\x00\x00\x00\x00\x00\x0c\x00\x00\x00\x00\x00my.map<\x00\x00\x00\x00\x00\x00\x00\x00\x00\\xff\\xff\\xff\\xfe\x01\x00\x00\x07\\xd2\x00\x00\x00\x02\x00\x00\x00\x01\x00\x00\x00\x05attr1\x00\x00\x00\x14\x00\x00\x00\x00\\xff\\xff\\xff\\xf5\x00\x00\x00\x08Test Str\x1b\x00\x00\x00\x00 \x00\x00\x00\x00\\xff\\xff\\xff\\xf5\x00\x00\x00\tsession-1'

###[ Ethernet ]### 
  dst       = 00:00:00:00:00:00
  src       = 00:00:00:00:00:00
  type      = IPv4
###[ IP ]### 
     version   = 4
     ihl       = 5
     tos       = 0x0
     len       = 181
     id        = 36639
     flags     = DF
     frag      = 0
     ttl       = 64
     proto     = tcp
     chksum    = 0xad21
     src       = 127.0.0.1
     dst       = 127.0.0.1
     \options   \
###[ TCP ]### 
        sport     = 58731
        dport     = 5701
        seq       = 178210714
        ack       = 1795727510
        dataofs   = 8
        reserved  = 0
        flags     = PA
        window    = 260
        chksum    = 0xfea9
        urgptr    = 0
        options   = [('NOP', None), ('NOP', None), ('Timestamp', (2898834411, 2898828468))]
###[ Raw ]### 
           load      = '\x1e\x00\x00\x00\x00\\xc1\x00.\x01\x00\x07\x00\x00\x00\x00\x00\x00\x00g\x00\x00\x00\x01\x00\x00\x00\x00\x00\x00\x00\x0c\x00\x00\x00\x00\x00my.map<\x00\x00\x00\x00\x00\x00\x00\x00\x00\\xff\\xff\\xff\\xfe\x01\x00\x00\x07\\xd2\x00\x00\x00\x02\x00\x00\x00\x01\x00\x00\x00\x05attr1\x00\x00\x00\x14\x00\x00\x00\x00\\xff\\xff\\xff\\xf5\x00\x00\x00\x08Test Str\x1b\x00\x00\x00\x00 \x00\x00\x00\x00\\xff\\xff\\xff\\xf5\x00\x00\x00\tsession-1'

###[ Ethernet ]### 
  dst       = 00:00:00:00:00:00
  src       = 00:00:00:00:00:00
  type      = IPv4
###[ IP ]### 
     version   = 4
     ihl       = 5
     tos       = 0x0
     len       = 52
     id        = 23000
     flags     = DF
     frag      = 0
     ttl       = 64
     proto     = tcp
     chksum    = 0xe2e9
     src       = 127.0.0.1
     dst       = 127.0.0.1
     \options   \
###[ TCP ]### 
        sport     = 5701
        dport     = 58731
        seq       = 1795727510
        ack       = 178210843
        dataofs   = 8
        reserved  = 0
        flags     = A
        window    = 259
        chksum    = 0xfe28
        urgptr    = 0
        options   = [('NOP', None), ('NOP', None), ('Timestamp', (2898834411, 2898834411))]

###[ Ethernet ]### 
  dst       = 00:00:00:00:00:00
  src       = 00:00:00:00:00:00
  type      = IPv4
###[ IP ]### 
     version   = 4
     ihl       = 5
     tos       = 0x0
     len       = 52
     id        = 23000
     flags     = DF
     frag      = 0
     ttl       = 64
     proto     = tcp
     chksum    = 0xe2e9
     src       = 127.0.0.1
     dst       = 127.0.0.1
     \options   \
###[ TCP ]### 
        sport     = 5701
        dport     = 58731
        seq       = 1795727510
        ack       = 178210843
        dataofs   = 8
        reserved  = 0
        flags     = A
        window    = 259
        chksum    = 0xfe28
        urgptr    = 0
        options   = [('NOP', None), ('NOP', None), ('Timestamp', (2898834411, 2898834411))]

###[ Ethernet ]### 
  dst       = 00:00:00:00:00:00
  src       = 00:00:00:00:00:00
  type      = IPv4
###[ IP ]### 
     version   = 4
     ihl       = 5
     tos       = 0x0
     len       = 2480
     id        = 23001
     flags     = DF
     frag      = 0
     ttl       = 64
     proto     = tcp
     chksum    = 0xd96c
     src       = 127.0.0.1
     dst       = 127.0.0.1
     \options   \
###[ TCP ]### 
        sport     = 5701
        dport     = 58731
        seq       = 1795727510
        ack       = 178210843
        dataofs   = 8
        reserved  = 0
        flags     = PA
        window    = 260
        chksum    = 0x7a5
        urgptr    = 0
        options   = [('NOP', None), ('NOP', None), ('Timestamp', (2898834425, 2898834411))]
###[ Raw ]### 
           load      = '\x13\x00\x00\x00\x00\\xc0\x00\x00\x00\x00\x07\x00\x00\x00\x00\x00\x00\x00\x00\x06\x00\x00\x00\x00\x10\x06\x00\x00\x00\x00\x10\n\x00\x00\x00\x00\x00\x15\x00\x00\x00E\x00\x00\x00\x00\x00com.hazelcast.nio.serialization.HazelcastSerializationException=\x00\x00\x00\x00\x00No DataSerializerFactory registered for namespace: 2002\x06\x00\x00\x00\x00\x10\x06\x00\x00\x00\x00\x10\n\x00\x00\x00\x00\x00\\x92\x00\x00\x00J\x00\x00\x00\x00\x00com.hazelcast.internal.serialization.impl.DataSerializableSerializer\x12\x00\x00\x00\x00\x00readInternal%\x00\x00\x00\x00\x00DataSerializableSerializer.java\x06\x00\x00\x00\x00\x08\x06\x00\x00\x00\x00\x10\n\x00\x00\x00\x00\x00q\x00\x00\x00J\x00\x00\x00\x00\x00com.hazelcast.internal.serialization.impl.DataSerializableSerializer\n\x00\x00\x00\x00\x00read%\x00\x00\x00\x00\x00DataSerializableSerializer.java\x06\x00\x00\x00\x00\x08\x06\x00\x00\x00\x00\x10\n\x00\x00\x00\x00\x004\x00\x00\x00J\x00\x00\x00\x00\x00com.hazelcast.internal.serialization.impl.DataSerializableSerializer\n\x00\x00\x00\x00\x00read%\x00\x00\x00\x00\x00DataSerializableSerializer.java\x06\x00\x00\x00\x00\x08\x06\x00\x00\x00\x00\x10\n\x00\x00\x00\x00\x00,\x00\x00\x00G\x00\x00\x00\x00\x00com.hazelcast.internal.serialization.impl.StreamSerializerAdapter\n\x00\x00\x00\x00\x00read"\x00\x00\x00\x00\x00StreamSerializerAdapter.java\x06\x00\x00\x00\x00\x08\x06\x00\x00\x00\x00\x10\n\x00\x00\x00\x00\x00\x0f\x01\x00\x00L\x00\x00\x00\x00\x00com.hazelcast.internal.serialization.impl.AbstractSerializationService\x0e\x00\x00\x00\x00\x00toObject\'\x00\x00\x00\x00\x00AbstractSerializationService.java\x06\x00\x00\x00\x00\x08\x06\x00\x00\x00\x00\x10\n\x00\x00\x00\x00\x00*\x00\x00\x00L\x00\x00\x00\x00\x00com.hazelcast.client.impl.protocol.task.map.MapExecuteOnKeyMessageTask\x16\x00\x00\x00\x00\x00prepareOperation%\x00\x00\x00\x00\x00MapExecuteOnKeyMessageTask.java\x06\x00\x00\x00\x00\x08\x06\x00\x00\x00\x00\x10\n\x00\x00\x00\x00\x00-\x00\x00\x00J\x00\x00\x00\x00\x00com.hazelcast.client.impl.protocol.task.AbstractPartitionMessageTask\x15\x00\x00\x00\x00\x00processInternal\'\x00\x00\x00\x00\x00AbstractPartitionMessageTask.java\x06\x00\x00\x00\x00\x08\x06\x00\x00\x00\x00\x10\n\x00\x00\x00\x00\x00G\x00\x00\x00F\x00\x00\x00\x00\x00com.hazelcast.client.impl.protocol.task.AbstractAsyncMessageTask\x14\x00\x00\x00\x00\x00processMessage#\x00\x00\x00\x00\x00AbstractAsyncMessageTask.java\x06\x00\x00\x00\x00\x08\x06\x00\x00\x00\x00\x10\n\x00\x00\x00\x00\x00\\xa9\x00\x00\x00A\x00\x00\x00\x00\x00com.hazelcast.client.impl.protocol.task.AbstractMessageTask!\x00\x00\x00\x00\x00initializeAndProcessMessage\x1e\x00\x00\x00\x00\x00AbstractMessageTask.java\x06\x00\x00\x00\x00\x08\x06\x00\x00\x00\x00\x10\n\x00\x00\x00\x00\x00\\x84\x00\x00\x00A\x00\x00\x00\x00\x00com.hazelcast.client.impl.protocol.task.AbstractMessageTask\t\x00\x00\x00\x00\x00run\x1e\x00\x00\x00\x00\x00AbstractMessageTask.java\x06\x00\x00\x00\x00\x08\x06\x00\x00\x00\x00\x10\n\x00\x00\x00\x00\x00\\xc6\x00\x00\x00F\x00\x00\x00\x00\x00com.hazelcast.spi.impl.operationservice.impl.OperationRunnerImpl\t\x00\x00\x00\x00\x00run\x1e\x00\x00\x00\x00\x00OperationRunnerImpl.java\x06\x00\x00\x00\x00\x08\x06\x00\x00\x00\x00\x10\n\x00\x00\x00\x00\x00\\xd4\x00\x00\x00C\x00\x00\x00\x00\x00com.hazelcast.spi.impl.operationexecutor.impl.OperationThread\r\x00\x00\x00\x00\x00process\x1a\x00\x00\x00\x00\x00OperationThread.java\x06\x00\x00\x00\x00\x08\x06\x00\x00\x00\x00\x10\n\x00\x00\x00\x00\x00\\x92\x00\x00\x00C\x00\x00\x00\x00\x00com.hazelcast.spi.impl.operationexecutor.impl.OperationThread\r\x00\x00\x00\x00\x00process\x1a\x00\x00\x00\x00\x00OperationThread.java\x06\x00\x00\x00\x00\x08\x06\x00\x00\x00\x00\x10\n\x00\x00\x00\x00\x00\\x86\x00\x00\x00C\x00\x00\x00\x00\x00com.hazelcast.spi.impl.operationexecutor.impl.OperationThread\n\x00\x00\x00\x00\x00loop\x1a\x00\x00\x00\x00\x00OperationThread.java\x06\x00\x00\x00\x00\x08\x06\x00\x00\x00\x00\x10\n\x00\x00\x00\x00\x00s\x00\x00\x00C\x00\x00\x00\x00\x00com.hazelcast.spi.impl.operationexecutor.impl.OperationThread\x10\x00\x00\x00\x00\x00executeRun\x1a\x00\x00\x00\x00\x00OperationThread.java\x06\x00\x00\x00\x00\x08\x06\x00\x00\x00\x00\x10\n\x00\x00\x00\x00\x00o\x00\x00\x00A\x00\x00\x00\x00\x00com.hazelcast.internal.util.executor.HazelcastManagedThread\t\x00\x00\x00\x00\x00run!\x00\x00\x00\x00\x00HazelcastManagedThread.java\x06\x00\x00\x00\x00\x08\x06\x00\x00\x00\x00\x08\x06\x00\x00\x00\x00\x08\x06\x00\x00\x00\x00('

###[ Ethernet ]### 
  dst       = 00:00:00:00:00:00
  src       = 00:00:00:00:00:00
  type      = IPv4
###[ IP ]### 
     version   = 4
     ihl       = 5
     tos       = 0x0
     len       = 2480
     id        = 23001
     flags     = DF
     frag      = 0
     ttl       = 64
     proto     = tcp
     chksum    = 0xd96c
     src       = 127.0.0.1
     dst       = 127.0.0.1
     \options   \
###[ TCP ]### 
        sport     = 5701
        dport     = 58731
        seq       = 1795727510
        ack       = 178210843
        dataofs   = 8
        reserved  = 0
        flags     = PA
        window    = 260
        chksum    = 0x7a5
        urgptr    = 0
        options   = [('NOP', None), ('NOP', None), ('Timestamp', (2898834425, 2898834411))]
###[ Raw ]### 
           load      = '\x13\x00\x00\x00\x00\\xc0\x00\x00\x00\x00\x07\x00\x00\x00\x00\x00\x00\x00\x00\x06\x00\x00\x00\x00\x10\x06\x00\x00\x00\x00\x10\n\x00\x00\x00\x00\x00\x15\x00\x00\x00E\x00\x00\x00\x00\x00com.hazelcast.nio.serialization.HazelcastSerializationException=\x00\x00\x00\x00\x00No DataSerializerFactory registered for namespace: 2002\x06\x00\x00\x00\x00\x10\x06\x00\x00\x00\x00\x10\n\x00\x00\x00\x00\x00\\x92\x00\x00\x00J\x00\x00\x00\x00\x00com.hazelcast.internal.serialization.impl.DataSerializableSerializer\x12\x00\x00\x00\x00\x00readInternal%\x00\x00\x00\x00\x00DataSerializableSerializer.java\x06\x00\x00\x00\x00\x08\x06\x00\x00\x00\x00\x10\n\x00\x00\x00\x00\x00q\x00\x00\x00J\x00\x00\x00\x00\x00com.hazelcast.internal.serialization.impl.DataSerializableSerializer\n\x00\x00\x00\x00\x00read%\x00\x00\x00\x00\x00DataSerializableSerializer.java\x06\x00\x00\x00\x00\x08\x06\x00\x00\x00\x00\x10\n\x00\x00\x00\x00\x004\x00\x00\x00J\x00\x00\x00\x00\x00com.hazelcast.internal.serialization.impl.DataSerializableSerializer\n\x00\x00\x00\x00\x00read%\x00\x00\x00\x00\x00DataSerializableSerializer.java\x06\x00\x00\x00\x00\x08\x06\x00\x00\x00\x00\x10\n\x00\x00\x00\x00\x00,\x00\x00\x00G\x00\x00\x00\x00\x00com.hazelcast.internal.serialization.impl.StreamSerializerAdapter\n\x00\x00\x00\x00\x00read"\x00\x00\x00\x00\x00StreamSerializerAdapter.java\x06\x00\x00\x00\x00\x08\x06\x00\x00\x00\x00\x10\n\x00\x00\x00\x00\x00\x0f\x01\x00\x00L\x00\x00\x00\x00\x00com.hazelcast.internal.serialization.impl.AbstractSerializationService\x0e\x00\x00\x00\x00\x00toObject\'\x00\x00\x00\x00\x00AbstractSerializationService.java\x06\x00\x00\x00\x00\x08\x06\x00\x00\x00\x00\x10\n\x00\x00\x00\x00\x00*\x00\x00\x00L\x00\x00\x00\x00\x00com.hazelcast.client.impl.protocol.task.map.MapExecuteOnKeyMessageTask\x16\x00\x00\x00\x00\x00prepareOperation%\x00\x00\x00\x00\x00MapExecuteOnKeyMessageTask.java\x06\x00\x00\x00\x00\x08\x06\x00\x00\x00\x00\x10\n\x00\x00\x00\x00\x00-\x00\x00\x00J\x00\x00\x00\x00\x00com.hazelcast.client.impl.protocol.task.AbstractPartitionMessageTask\x15\x00\x00\x00\x00\x00processInternal\'\x00\x00\x00\x00\x00AbstractPartitionMessageTask.java\x06\x00\x00\x00\x00\x08\x06\x00\x00\x00\x00\x10\n\x00\x00\x00\x00\x00G\x00\x00\x00F\x00\x00\x00\x00\x00com.hazelcast.client.impl.protocol.task.AbstractAsyncMessageTask\x14\x00\x00\x00\x00\x00processMessage#\x00\x00\x00\x00\x00AbstractAsyncMessageTask.java\x06\x00\x00\x00\x00\x08\x06\x00\x00\x00\x00\x10\n\x00\x00\x00\x00\x00\\xa9\x00\x00\x00A\x00\x00\x00\x00\x00com.hazelcast.client.impl.protocol.task.AbstractMessageTask!\x00\x00\x00\x00\x00initializeAndProcessMessage\x1e\x00\x00\x00\x00\x00AbstractMessageTask.java\x06\x00\x00\x00\x00\x08\x06\x00\x00\x00\x00\x10\n\x00\x00\x00\x00\x00\\x84\x00\x00\x00A\x00\x00\x00\x00\x00com.hazelcast.client.impl.protocol.task.AbstractMessageTask\t\x00\x00\x00\x00\x00run\x1e\x00\x00\x00\x00\x00AbstractMessageTask.java\x06\x00\x00\x00\x00\x08\x06\x00\x00\x00\x00\x10\n\x00\x00\x00\x00\x00\\xc6\x00\x00\x00F\x00\x00\x00\x00\x00com.hazelcast.spi.impl.operationservice.impl.OperationRunnerImpl\t\x00\x00\x00\x00\x00run\x1e\x00\x00\x00\x00\x00OperationRunnerImpl.java\x06\x00\x00\x00\x00\x08\x06\x00\x00\x00\x00\x10\n\x00\x00\x00\x00\x00\\xd4\x00\x00\x00C\x00\x00\x00\x00\x00com.hazelcast.spi.impl.operationexecutor.impl.OperationThread\r\x00\x00\x00\x00\x00process\x1a\x00\x00\x00\x00\x00OperationThread.java\x06\x00\x00\x00\x00\x08\x06\x00\x00\x00\x00\x10\n\x00\x00\x00\x00\x00\\x92\x00\x00\x00C\x00\x00\x00\x00\x00com.hazelcast.spi.impl.operationexecutor.impl.OperationThread\r\x00\x00\x00\x00\x00process\x1a\x00\x00\x00\x00\x00OperationThread.java\x06\x00\x00\x00\x00\x08\x06\x00\x00\x00\x00\x10\n\x00\x00\x00\x00\x00\\x86\x00\x00\x00C\x00\x00\x00\x00\x00com.hazelcast.spi.impl.operationexecutor.impl.OperationThread\n\x00\x00\x00\x00\x00loop\x1a\x00\x00\x00\x00\x00OperationThread.java\x06\x00\x00\x00\x00\x08\x06\x00\x00\x00\x00\x10\n\x00\x00\x00\x00\x00s\x00\x00\x00C\x00\x00\x00\x00\x00com.hazelcast.spi.impl.operationexecutor.impl.OperationThread\x10\x00\x00\x00\x00\x00executeRun\x1a\x00\x00\x00\x00\x00OperationThread.java\x06\x00\x00\x00\x00\x08\x06\x00\x00\x00\x00\x10\n\x00\x00\x00\x00\x00o\x00\x00\x00A\x00\x00\x00\x00\x00com.hazelcast.internal.util.executor.HazelcastManagedThread\t\x00\x00\x00\x00\x00run!\x00\x00\x00\x00\x00HazelcastManagedThread.java\x06\x00\x00\x00\x00\x08\x06\x00\x00\x00\x00\x08\x06\x00\x00\x00\x00\x08\x06\x00\x00\x00\x00('

###[ Ethernet ]### 
  dst       = 00:00:00:00:00:00
  src       = 00:00:00:00:00:00
  type      = IPv4
###[ IP ]### 
     version   = 4
     ihl       = 5
     tos       = 0x0
     len       = 52
     id        = 36640
     flags     = DF
     frag      = 0
     ttl       = 64
     proto     = tcp
     chksum    = 0xada1
     src       = 127.0.0.1
     dst       = 127.0.0.1
     \options   \
###[ TCP ]### 
        sport     = 58731
        dport     = 5701
        seq       = 178210843
        ack       = 1795729938
        dataofs   = 8
        reserved  = 0
        flags     = A
        window    = 260
        chksum    = 0xfe28
        urgptr    = 0
        options   = [('NOP', None), ('NOP', None), ('Timestamp', (2898834425, 2898834425))]

###[ Ethernet ]### 
  dst       = 00:00:00:00:00:00
  src       = 00:00:00:00:00:00
  type      = IPv4
###[ IP ]### 
     version   = 4
     ihl       = 5
     tos       = 0x0
     len       = 52
     id        = 36640
     flags     = DF
     frag      = 0
     ttl       = 64
     proto     = tcp
     chksum    = 0xada1
     src       = 127.0.0.1
     dst       = 127.0.0.1
     \options   \
###[ TCP ]### 
        sport     = 58731
        dport     = 5701
        seq       = 178210843
        ack       = 1795729938
        dataofs   = 8
        reserved  = 0
        flags     = A
        window    = 260
        chksum    = 0xfe28
        urgptr    = 0
        options   = [('NOP', None), ('NOP', None), ('Timestamp', (2898834425, 2898834425))]

###[ Ethernet ]### 
  dst       = 00:00:00:00:00:00
  src       = 00:00:00:00:00:00
  type      = IPv4
###[ IP ]### 
     version   = 4
     ihl       = 5
     tos       = 0x0
     len       = 52
     id        = 36641
     flags     = DF
     frag      = 0
     ttl       = 64
     proto     = tcp
     chksum    = 0xada0
     src       = 127.0.0.1
     dst       = 127.0.0.1
     \options   \
###[ TCP ]### 
        sport     = 58731
        dport     = 5701
        seq       = 178210843
        ack       = 1795729938
        dataofs   = 8
        reserved  = 0
        flags     = FA
        window    = 260
        chksum    = 0xfe28
        urgptr    = 0
        options   = [('NOP', None), ('NOP', None), ('Timestamp', (2898834435, 2898834425))]

###[ Ethernet ]### 
  dst       = 00:00:00:00:00:00
  src       = 00:00:00:00:00:00
  type      = IPv4
###[ IP ]### 
     version   = 4
     ihl       = 5
     tos       = 0x0
     len       = 52
     id        = 36641
     flags     = DF
     frag      = 0
     ttl       = 64
     proto     = tcp
     chksum    = 0xada0
     src       = 127.0.0.1
     dst       = 127.0.0.1
     \options   \
###[ TCP ]### 
        sport     = 58731
        dport     = 5701
        seq       = 178210843
        ack       = 1795729938
        dataofs   = 8
        reserved  = 0
        flags     = FA
        window    = 260
        chksum    = 0xfe28
        urgptr    = 0
        options   = [('NOP', None), ('NOP', None), ('Timestamp', (2898834435, 2898834425))]

###[ Ethernet ]### 
  dst       = 00:00:00:00:00:00
  src       = 00:00:00:00:00:00
  type      = IPv4
###[ IP ]### 
     version   = 4
     ihl       = 5
     tos       = 0x0
     len       = 52
     id        = 23002
     flags     = DF
     frag      = 0
     ttl       = 64
     proto     = tcp
     chksum    = 0xe2e7
     src       = 127.0.0.1
     dst       = 127.0.0.1
     \options   \
###[ TCP ]### 
        sport     = 5701
        dport     = 58731
        seq       = 1795729938
        ack       = 178210844
        dataofs   = 8
        reserved  = 0
        flags     = FA
        window    = 260
        chksum    = 0xfe28
        urgptr    = 0
        options   = [('NOP', None), ('NOP', None), ('Timestamp', (2898834436, 2898834435))]

###[ Ethernet ]### 
  dst       = 00:00:00:00:00:00
  src       = 00:00:00:00:00:00
  type      = IPv4
###[ IP ]### 
     version   = 4
     ihl       = 5
     tos       = 0x0
     len       = 52
     id        = 23002
     flags     = DF
     frag      = 0
     ttl       = 64
     proto     = tcp
     chksum    = 0xe2e7
     src       = 127.0.0.1
     dst       = 127.0.0.1
     \options   \
###[ TCP ]### 
        sport     = 5701
        dport     = 58731
        seq       = 1795729938
        ack       = 178210844
        dataofs   = 8
        reserved  = 0
        flags     = FA
        window    = 260
        chksum    = 0xfe28
        urgptr    = 0
        options   = [('NOP', None), ('NOP', None), ('Timestamp', (2898834436, 2898834435))]

###[ Ethernet ]### 
  dst       = 00:00:00:00:00:00
  src       = 00:00:00:00:00:00
  type      = IPv4
###[ IP ]### 
     version   = 4
     ihl       = 5
     tos       = 0x0
     len       = 52
     id        = 36642
     flags     = DF
     frag      = 0
     ttl       = 64
     proto     = tcp
     chksum    = 0xad9f
     src       = 127.0.0.1
     dst       = 127.0.0.1
     \options   \
###[ TCP ]### 
        sport     = 58731
        dport     = 5701
        seq       = 178210844
        ack       = 1795729939
        dataofs   = 8
        reserved  = 0
        flags     = A
        window    = 260
        chksum    = 0xfe28
        urgptr    = 0
        options   = [('NOP', None), ('NOP', None), ('Timestamp', (2898834436, 2898834436))]

###[ Ethernet ]### 
  dst       = 00:00:00:00:00:00
  src       = 00:00:00:00:00:00
  type      = IPv4
###[ IP ]### 
     version   = 4
     ihl       = 5
     tos       = 0x0
     len       = 52
     id        = 36642
     flags     = DF
     frag      = 0
     ttl       = 64
     proto     = tcp
     chksum    = 0xad9f
     src       = 127.0.0.1
     dst       = 127.0.0.1
     \options   \
###[ TCP ]### 
        sport     = 58731
        dport     = 5701
        seq       = 178210844
        ack       = 1795729939
        dataofs   = 8
        reserved  = 0
        flags     = A
        window    = 260
        chksum    = 0xfe28
        urgptr    = 0
        options   = [('NOP', None), ('NOP', None), ('Timestamp', (2898834436, 2898834436))]

Finished sniffing! 
